# JRE version: OpenJDK Runtime Environment Temurin-21.0.10+7 (21.0.10+7) (build 21.0.10+7-LTS)
# Java VM: OpenJDK 64-Bit Server VM Temurin-21.0.10+7 (21.0.10+7-LTS, mixed mode, sharing, tiered, compressed oops, compressed class ptrs, parallel gc, windows-amd64)
GC Precious Log:
 CardTable entry size: 512
 CPUs: 12 total, 12 available
 Memory: 16044M
 Large Page Support: Disabled
 NUMA Support: Disabled
 Compressed Oops: Enabled (32-bit)
 Alignments: Space 512K, Generation 512K, Heap 2M
 Heap Min Capacity: 100M
 Heap Initial Capacity: 100M
 Heap Max Capacity: 2G
 Pre-touch: Disabled
 Parallel Workers: 10
Heap:
 PSYoungGen      total 5632K, used 1330K [0x00000000d5580000, 0x00000000d5c00000, 0x0000000100000000)
  eden space 5120K, 18% used [0x00000000d5580000,0x00000000d566c950,0x00000000d5a80000)
  from space 512K, 75% used [0x00000000d5b80000,0x00000000d5be0000,0x00000000d5c00000)
  to   space 512K, 0% used [0x00000000d5b00000,0x00000000d5b00000,0x00000000d5b80000)
 ParOldGen       total 1138176K, used 138804K [0x0000000080000000, 0x00000000c5780000, 0x00000000d5580000)
  object space 1138176K, 12% used [0x0000000080000000,0x000000008878d0d8,0x00000000c5780000)
 Metaspace       used 94057K, committed 95808K, reserved 1179648K
  class space    used 9522K, committed 10368K, reserved 1048576K
GC Heap History (20 events):
Event: 21866.850 GC heap before
{Heap before GC invocations=2707 (full 6):
 PSYoungGen      total 5632K, used 5568K [0x00000000d5580000, 0x00000000d5c80000, 0x0000000100000000)
  eden space 5120K, 100% used [0x00000000d5580000,0x00000000d5a80000,0x00000000d5a80000)
  from space 512K, 87% used [0x00000000d5c00000,0x00000000d5c70000,0x00000000d5c80000)
  to   space 512K, 0% used [0x00000000d5b80000,0x00000000d5b80000,0x00000000d5c00000)
 ParOldGen       total 1138176K, used 134149K [0x0000000080000000, 0x00000000c5780000, 0x00000000d5580000)
  object space 1138176K, 11% used [0x0000000080000000,0x0000000088301710,0x00000000c5780000)
 Metaspace       used 94052K, committed 95808K, reserved 1179648K
  class space    used 9522K, committed 10368K, reserved 1048576K
}
Event: 21866.852 GC heap after
{Heap after GC invocations=2707 (full 6):
 PSYoungGen      total 5632K, used 500K [0x00000000d5580000, 0x00000000d5d80000, 0x0000000100000000)
  eden space 5120K, 0% used [0x00000000d5580000,0x00000000d5580000,0x00000000d5a80000)
  from space 512K, 97% used [0x00000000d5b80000,0x00000000d5bfd200,0x00000000d5c00000)
  to   space 1536K, 0% used [0x00000000d5c00000,0x00000000d5c00000,0x00000000d5d80000)
 ParOldGen       total 1138176K, used 134595K [0x0000000080000000, 0x00000000c5780000, 0x00000000d5580000)
  object space 1138176K, 11% used [0x0000000080000000,0x0000000088370e90,0x00000000c5780000)
 Metaspace       used 94052K, committed 95808K, reserved 1179648K
  class space    used 9522K, committed 10368K, reserved 1048576K
}
Event: 21866.860 GC heap before
{Heap before GC invocations=2708 (full 6):
 PSYoungGen      total 5632K, used 5620K [0x00000000d5580000, 0x00000000d5d80000, 0x0000000100000000)
  eden space 5120K, 100% used [0x00000000d5580000,0x00000000d5a80000,0x00000000d5a80000)
  from space 512K, 97% used [0x00000000d5b80000,0x00000000d5bfd200,0x00000000d5c00000)
  to   space 1536K, 0% used [0x00000000d5c00000,0x00000000d5c00000,0x00000000d5d80000)
 ParOldGen       total 1138176K, used 134595K [0x0000000080000000, 0x00000000c5780000, 0x00000000d5580000)
  object space 1138176K, 11% used [0x0000000080000000,0x0000000088370e90,0x00000000c5780000)
 Metaspace       used 94056K, committed 95808K, reserved 1179648K
  class space    used 9522K, committed 10368K, reserved 1048576K
}
Event: 21866.861 GC heap after
{Heap after GC invocations=2708 (full 6):
 PSYoungGen      total 6144K, used 868K [0x00000000d5580000, 0x00000000d5d00000, 0x0000000100000000)
  eden space 5120K, 0% used [0x00000000d5580000,0x00000000d5580000,0x00000000d5a80000)
  from space 1024K, 84% used [0x00000000d5c00000,0x00000000d5cd9210,0x00000000d5d00000)
  to   space 1024K, 0% used [0x00000000d5b00000,0x00000000d5b00000,0x00000000d5c00000)
 ParOldGen       total 1138176K, used 135080K [0x0000000080000000, 0x00000000c5780000, 0x00000000d5580000)
  object space 1138176K, 11% used [0x0000000080000000,0x00000000883ea0a0,0x00000000c5780000)
 Metaspace       used 94056K, committed 95808K, reserved 1179648K
  class space    used 9522K, committed 10368K, reserved 1048576K
}
Event: 21866.865 GC heap before
{Heap before GC invocations=2709 (full 6):
 PSYoungGen      total 6144K, used 5988K [0x00000000d5580000, 0x00000000d5d00000, 0x0000000100000000)
  eden space 5120K, 100% used [0x00000000d5580000,0x00000000d5a80000,0x00000000d5a80000)
  from space 1024K, 84% used [0x00000000d5c00000,0x00000000d5cd9210,0x00000000d5d00000)
  to   space 1024K, 0% used [0x00000000d5b00000,0x00000000d5b00000,0x00000000d5c00000)
 ParOldGen       total 1138176K, used 135080K [0x0000000080000000, 0x00000000c5780000, 0x00000000d5580000)
  object space 1138176K, 11% used [0x0000000080000000,0x00000000883ea0a0,0x00000000c5780000)
 Metaspace       used 94057K, committed 95808K, reserved 1179648K
  class space    used 9522K, committed 10368K, reserved 1048576K
}
Event: 21866.867 GC heap after
{Heap after GC invocations=2709 (full 6):
 PSYoungGen      total 6144K, used 576K [0x00000000d5580000, 0x00000000d5c80000, 0x0000000100000000)
  eden space 5120K, 0% used [0x00000000d5580000,0x00000000d5580000,0x00000000d5a80000)
  from space 1024K, 56% used [0x00000000d5b00000,0x00000000d5b90000,0x00000000d5c00000)
  to   space 512K, 0% used [0x00000000d5c00000,0x00000000d5c00000,0x00000000d5c80000)
 ParOldGen       total 1138176K, used 135814K [0x0000000080000000, 0x00000000c5780000, 0x00000000d5580000)
  object space 1138176K, 11% used [0x0000000080000000,0x00000000884a1978,0x00000000c5780000)
 Metaspace       used 94057K, committed 95808K, reserved 1179648K
  class space    used 9522K, committed 10368K, reserved 1048576K
}
Event: 21868.588 GC heap before
{Heap before GC invocations=2710 (full 6):
 PSYoungGen      total 6144K, used 5696K [0x00000000d5580000, 0x00000000d5c80000, 0x0000000100000000)
  eden space 5120K, 100% used [0x00000000d5580000,0x00000000d5a80000,0x00000000d5a80000)
  from space 1024K, 56% used [0x00000000d5b00000,0x00000000d5b90000,0x00000000d5c00000)
  to   space 512K, 0% used [0x00000000d5c00000,0x00000000d5c00000,0x00000000d5c80000)
 ParOldGen       total 1138176K, used 135814K [0x0000000080000000, 0x00000000c5780000, 0x00000000d5580000)
  object space 1138176K, 11% used [0x0000000080000000,0x00000000884a1978,0x00000000c5780000)
 Metaspace       used 94057K, committed 95808K, reserved 1179648K
  class space    used 9522K, committed 10368K, reserved 1048576K
}
Event: 21868.590 GC heap after
{Heap after GC invocations=2710 (full 6):
 PSYoungGen      total 5632K, used 512K [0x00000000d5580000, 0x00000000d5d80000, 0x0000000100000000)
  eden space 5120K, 0% used [0x00000000d5580000,0x00000000d5580000,0x00000000d5a80000)
  from space 512K, 100% used [0x00000000d5c00000,0x00000000d5c80000,0x00000000d5c80000)
  to   space 1536K, 0% used [0x00000000d5a80000,0x00000000d5a80000,0x00000000d5c00000)
 ParOldGen       total 1138176K, used 136454K [0x0000000080000000, 0x00000000c5780000, 0x00000000d5580000)
  object space 1138176K, 11% used [0x0000000080000000,0x0000000088541a68,0x00000000c5780000)
 Metaspace       used 94057K, committed 95808K, reserved 1179648K
  class space    used 9522K, committed 10368K, reserved 1048576K
}
Event: 21868.595 GC heap before
{Heap before GC invocations=2711 (full 6):
 PSYoungGen      total 5632K, used 5632K [0x00000000d5580000, 0x00000000d5d80000, 0x0000000100000000)
  eden space 5120K, 100% used [0x00000000d5580000,0x00000000d5a80000,0x00000000d5a80000)
  from space 512K, 100% used [0x00000000d5c00000,0x00000000d5c80000,0x00000000d5c80000)
  to   space 1536K, 0% used [0x00000000d5a80000,0x00000000d5a80000,0x00000000d5c00000)
 ParOldGen       total 1138176K, used 136454K [0x0000000080000000, 0x00000000c5780000, 0x00000000d5580000)
  object space 1138176K, 11% used [0x0000000080000000,0x0000000088541a68,0x00000000c5780000)
 Metaspace       used 94057K, committed 95808K, reserved 1179648K
  class space    used 9522K, committed 10368K, reserved 1048576K
}
Event: 21868.596 GC heap after
{Heap after GC invocations=2711 (full 6):
 PSYoungGen      total 5632K, used 416K [0x00000000d5580000, 0x00000000d5c80000, 0x0000000100000000)
  eden space 5120K, 0% used [0x00000000d5580000,0x00000000d5580000,0x00000000d5a80000)
  from space 512K, 81% used [0x00000000d5a80000,0x00000000d5ae8000,0x00000000d5b00000)
  to   space 1024K, 0% used [0x00000000d5b80000,0x00000000d5b80000,0x00000000d5c80000)
 ParOldGen       total 1138176K, used 136982K [0x0000000080000000, 0x00000000c5780000, 0x00000000d5580000)
  object space 1138176K, 12% used [0x0000000080000000,0x00000000885c5a78,0x00000000c5780000)
 Metaspace       used 94057K, committed 95808K, reserved 1179648K
  class space    used 9522K, committed 10368K, reserved 1048576K
}
Event: 21868.603 GC heap before
{Heap before GC invocations=2712 (full 6):
 PSYoungGen      total 5632K, used 5536K [0x00000000d5580000, 0x00000000d5c80000, 0x0000000100000000)
  eden space 5120K, 100% used [0x00000000d5580000,0x00000000d5a80000,0x00000000d5a80000)
  from space 512K, 81% used [0x00000000d5a80000,0x00000000d5ae8000,0x00000000d5b00000)
  to   space 1024K, 0% used [0x00000000d5b80000,0x00000000d5b80000,0x00000000d5c80000)
 ParOldGen       total 1138176K, used 136982K [0x0000000080000000, 0x00000000c5780000, 0x00000000d5580000)
  object space 1138176K, 12% used [0x0000000080000000,0x00000000885c5a78,0x00000000c5780000)
 Metaspace       used 94057K, committed 95808K, reserved 1179648K
  class space    used 9522K, committed 10368K, reserved 1048576K
}
Event: 21868.604 GC heap after
{Heap after GC invocations=2712 (full 6):
 PSYoungGen      total 6144K, used 762K [0x00000000d5580000, 0x00000000d5c80000, 0x0000000100000000)
  eden space 5120K, 0% used [0x00000000d5580000,0x00000000d5580000,0x00000000d5a80000)
  from space 1024K, 74% used [0x00000000d5b80000,0x00000000d5c3e900,0x00000000d5c80000)
  to   space 1024K, 0% used [0x00000000d5a80000,0x00000000d5a80000,0x00000000d5b80000)
 ParOldGen       total 1138176K, used 137230K [0x0000000080000000, 0x00000000c5780000, 0x00000000d5580000)
  object space 1138176K, 12% used [0x0000000080000000,0x0000000088603a78,0x00000000c5780000)
 Metaspace       used 94057K, committed 95808K, reserved 1179648K
  class space    used 9522K, committed 10368K, reserved 1048576K
}
Event: 21869.004 GC heap before
{Heap before GC invocations=2713 (full 6):
 PSYoungGen      total 6144K, used 5882K [0x00000000d5580000, 0x00000000d5c80000, 0x0000000100000000)
  eden space 5120K, 99% used [0x00000000d5580000,0x00000000d5a7fff8,0x00000000d5a80000)
  from space 1024K, 74% used [0x00000000d5b80000,0x00000000d5c3e900,0x00000000d5c80000)
  to   space 1024K, 0% used [0x00000000d5a80000,0x00000000d5a80000,0x00000000d5b80000)
 ParOldGen       total 1138176K, used 137230K [0x0000000080000000, 0x00000000c5780000, 0x00000000d5580000)
  object space 1138176K, 12% used [0x0000000080000000,0x0000000088603a78,0x00000000c5780000)
 Metaspace       used 94057K, committed 95808K, reserved 1179648K
  class space    used 9522K, committed 10368K, reserved 1048576K
}
Event: 21869.008 GC heap after
{Heap after GC invocations=2713 (full 6):
 PSYoungGen      total 6144K, used 692K [0x00000000d5580000, 0x00000000d5c80000, 0x0000000100000000)
  eden space 5120K, 0% used [0x00000000d5580000,0x00000000d5580000,0x00000000d5a80000)
  from space 1024K, 67% used [0x00000000d5a80000,0x00000000d5b2d200,0x00000000d5b80000)
  to   space 1024K, 0% used [0x00000000d5b80000,0x00000000d5b80000,0x00000000d5c80000)
 ParOldGen       total 1138176K, used 137851K [0x0000000080000000, 0x00000000c5780000, 0x00000000d5580000)
  object space 1138176K, 12% used [0x0000000080000000,0x000000008869eca8,0x00000000c5780000)
 Metaspace       used 94057K, committed 95808K, reserved 1179648K
  class space    used 9522K, committed 10368K, reserved 1048576K
}
Event: 21869.011 GC heap before
{Heap before GC invocations=2714 (full 6):
 PSYoungGen      total 6144K, used 5812K [0x00000000d5580000, 0x00000000d5c80000, 0x0000000100000000)
  eden space 5120K, 100% used [0x00000000d5580000,0x00000000d5a80000,0x00000000d5a80000)
  from space 1024K, 67% used [0x00000000d5a80000,0x00000000d5b2d200,0x00000000d5b80000)
  to   space 1024K, 0% used [0x00000000d5b80000,0x00000000d5b80000,0x00000000d5c80000)
 ParOldGen       total 1138176K, used 137851K [0x0000000080000000, 0x00000000c5780000, 0x00000000d5580000)
  object space 1138176K, 12% used [0x0000000080000000,0x000000008869eca8,0x00000000c5780000)
 Metaspace       used 94057K, committed 95808K, reserved 1179648K
  class space    used 9522K, committed 10368K, reserved 1048576K
}
Event: 21869.013 GC heap after
{Heap after GC invocations=2714 (full 6):
 PSYoungGen      total 6144K, used 544K [0x00000000d5580000, 0x00000000d5c80000, 0x0000000100000000)
  eden space 5120K, 0% used [0x00000000d5580000,0x00000000d5580000,0x00000000d5a80000)
  from space 1024K, 53% used [0x00000000d5b80000,0x00000000d5c08000,0x00000000d5c80000)
  to   space 1024K, 0% used [0x00000000d5a80000,0x00000000d5a80000,0x00000000d5b80000)
 ParOldGen       total 1138176K, used 138327K [0x0000000080000000, 0x00000000c5780000, 0x00000000d5580000)
  object space 1138176K, 12% used [0x0000000080000000,0x0000000088715ec8,0x00000000c5780000)
 Metaspace       used 94057K, committed 95808K, reserved 1179648K
  class space    used 9522K, committed 10368K, reserved 1048576K
}
Event: 21869.017 GC heap before
{Heap before GC invocations=2715 (full 6):
 PSYoungGen      total 6144K, used 5664K [0x00000000d5580000, 0x00000000d5c80000, 0x0000000100000000)
  eden space 5120K, 100% used [0x00000000d5580000,0x00000000d5a80000,0x00000000d5a80000)
  from space 1024K, 53% used [0x00000000d5b80000,0x00000000d5c08000,0x00000000d5c80000)
  to   space 1024K, 0% used [0x00000000d5a80000,0x00000000d5a80000,0x00000000d5b80000)
 ParOldGen       total 1138176K, used 138327K [0x0000000080000000, 0x00000000c5780000, 0x00000000d5580000)
  object space 1138176K, 12% used [0x0000000080000000,0x0000000088715ec8,0x00000000c5780000)
 Metaspace       used 94057K, committed 95808K, reserved 1179648K
  class space    used 9522K, committed 10368K, reserved 1048576K
}
Event: 21869.018 GC heap after
{Heap after GC invocations=2715 (full 6):
 PSYoungGen      total 6144K, used 506K [0x00000000d5580000, 0x00000000d5c80000, 0x0000000100000000)
  eden space 5120K, 0% used [0x00000000d5580000,0x00000000d5580000,0x00000000d5a80000)
  from space 1024K, 49% used [0x00000000d5a80000,0x00000000d5afe900,0x00000000d5b80000)
  to   space 1024K, 0% used [0x00000000d5b80000,0x00000000d5b80000,0x00000000d5c80000)
 ParOldGen       total 1138176K, used 138399K [0x0000000080000000, 0x00000000c5780000, 0x00000000d5580000)
  object space 1138176K, 12% used [0x0000000080000000,0x0000000088727ec8,0x00000000c5780000)
 Metaspace       used 94057K, committed 95808K, reserved 1179648K
  class space    used 9522K, committed 10368K, reserved 1048576K
}
Event: 21869.022 GC heap before
{Heap before GC invocations=2716 (full 6):
 PSYoungGen      total 6144K, used 5626K [0x00000000d5580000, 0x00000000d5c80000, 0x0000000100000000)
  eden space 5120K, 100% used [0x00000000d5580000,0x00000000d5a80000,0x00000000d5a80000)
  from space 1024K, 49% used [0x00000000d5a80000,0x00000000d5afe900,0x00000000d5b80000)
  to   space 1024K, 0% used [0x00000000d5b80000,0x00000000d5b80000,0x00000000d5c80000)
 ParOldGen       total 1138176K, used 138399K [0x0000000080000000, 0x00000000c5780000, 0x00000000d5580000)
  object space 1138176K, 12% used [0x0000000080000000,0x0000000088727ec8,0x00000000c5780000)
 Metaspace       used 94057K, committed 95808K, reserved 1179648K
  class space    used 9522K, committed 10368K, reserved 1048576K
}
Event: 21869.024 GC heap after
{Heap after GC invocations=2716 (full 6):
 PSYoungGen      total 5632K, used 384K [0x00000000d5580000, 0x00000000d5c00000, 0x0000000100000000)
  eden space 5120K, 0% used [0x00000000d5580000,0x00000000d5580000,0x00000000d5a80000)
  from space 512K, 75% used [0x00000000d5b80000,0x00000000d5be0000,0x00000000d5c00000)
  to   space 512K, 0% used [0x00000000d5b00000,0x00000000d5b00000,0x00000000d5b80000)
 ParOldGen       total 1138176K, used 138804K [0x0000000080000000, 0x00000000c5780000, 0x00000000d5580000)
  object space 1138176K, 12% used [0x0000000080000000,0x000000008878d0d8,0x00000000c5780000)
 Metaspace       used 94057K, committed 95808K, reserved 1179648K
  class space    used 9522K, committed 10368K, reserved 1048576K
}

